----------  Thu 05 Nov 20, htick/lnx 1.9.0-cur 2020-11-04
1 16:27:29  Start
7 16:27:29  Checking tmp dir
8 16:27:29  FileFix: request from 1:23/456
8 16:27:29  filefix: 1:23/456 unlinked from area 'DAILYLIST'
8 16:27:29  filefix: 1:23/456 unlinked from area 'EPOD'
8 16:27:29  filefix: 1:23/456 unlinked from area 'WEATHER'
8 16:27:29  FileFix: successfully done for 1:23/456
1 16:27:29  End

----------  Thu 05 Nov 20, htick/lnx 1.9.0-cur 2020-11-04
1 16:27:30  Start
7 16:27:30  Checking tmp dir
A 16:27:30  File name is missing in TIC "/home/mike/huskyproject/utils/Husky-Rmfiles/t/fido/out/outbound/busy.htk/3eee8e68.tic" but required by FSC-87
A 16:27:30  Filearea name is missing in TIC "/home/mike/huskyproject/utils/Husky-Rmfiles/t/fido/out/outbound/busy.htk/3eee8e68.tic" but required by FSC-87
B 16:27:30  CRC is missing in TIC "/home/mike/huskyproject/utils/Husky-Rmfiles/t/fido/out/outbound/busy.htk/3eee8e68.tic" but required by FSC-87
B 16:27:30  There is no file size in TIC /home/mike/huskyproject/utils/Husky-Rmfiles/t/fido/out/outbound/busy.htk/3eee8e68.tic, FSC-87 says: "SHOULD be required"
A 16:27:30  'From' address is missing in TIC "/home/mike/huskyproject/utils/Husky-Rmfiles/t/fido/out/outbound/busy.htk/3eee8e68.tic", required by FSC-87
A 16:27:30  Originating address is missing in TIC "/home/mike/huskyproject/utils/Husky-Rmfiles/t/fido/out/outbound/busy.htk/3eee8e68.tic", required by FSC-87
B 16:27:30  PATH lines are missing in TIC "/home/mike/huskyproject/utils/Husky-Rmfiles/t/fido/out/outbound/busy.htk/3eee8e68.tic", required by FSC-87
B 16:27:30  SEENBY lines are missing in TIC "/home/mike/huskyproject/utils/Husky-Rmfiles/t/fido/out/outbound/busy.htk/3eee8e68.tic", required by FSC-87
B 16:27:30  Password is missing in TIC "/home/mike/huskyproject/utils/Husky-Rmfiles/t/fido/out/outbound/busy.htk/3eee8e68.tic", required by FSC-87
A 16:27:30  File name is missing in TIC "/home/mike/huskyproject/utils/Husky-Rmfiles/t/fido/out/outbound/busy.htk/97270ef6.tic" but required by FSC-87
A 16:27:30  Filearea name is missing in TIC "/home/mike/huskyproject/utils/Husky-Rmfiles/t/fido/out/outbound/busy.htk/97270ef6.tic" but required by FSC-87
B 16:27:30  CRC is missing in TIC "/home/mike/huskyproject/utils/Husky-Rmfiles/t/fido/out/outbound/busy.htk/97270ef6.tic" but required by FSC-87
B 16:27:30  There is no file size in TIC /home/mike/huskyproject/utils/Husky-Rmfiles/t/fido/out/outbound/busy.htk/97270ef6.tic, FSC-87 says: "SHOULD be required"
A 16:27:30  'From' address is missing in TIC "/home/mike/huskyproject/utils/Husky-Rmfiles/t/fido/out/outbound/busy.htk/97270ef6.tic", required by FSC-87
A 16:27:30  Originating address is missing in TIC "/home/mike/huskyproject/utils/Husky-Rmfiles/t/fido/out/outbound/busy.htk/97270ef6.tic", required by FSC-87
B 16:27:30  PATH lines are missing in TIC "/home/mike/huskyproject/utils/Husky-Rmfiles/t/fido/out/outbound/busy.htk/97270ef6.tic", required by FSC-87
B 16:27:30  SEENBY lines are missing in TIC "/home/mike/huskyproject/utils/Husky-Rmfiles/t/fido/out/outbound/busy.htk/97270ef6.tic", required by FSC-87
B 16:27:30  Password is missing in TIC "/home/mike/huskyproject/utils/Husky-Rmfiles/t/fido/out/outbound/busy.htk/97270ef6.tic", required by FSC-87
A 16:27:30  File name is missing in TIC "/home/mike/huskyproject/utils/Husky-Rmfiles/t/fido/out/outbound/busy.htk/d59f3a47.tic" but required by FSC-87
A 16:27:30  Filearea name is missing in TIC "/home/mike/huskyproject/utils/Husky-Rmfiles/t/fido/out/outbound/busy.htk/d59f3a47.tic" but required by FSC-87
B 16:27:30  CRC is missing in TIC "/home/mike/huskyproject/utils/Husky-Rmfiles/t/fido/out/outbound/busy.htk/d59f3a47.tic" but required by FSC-87
B 16:27:30  There is no file size in TIC /home/mike/huskyproject/utils/Husky-Rmfiles/t/fido/out/outbound/busy.htk/d59f3a47.tic, FSC-87 says: "SHOULD be required"
A 16:27:30  'From' address is missing in TIC "/home/mike/huskyproject/utils/Husky-Rmfiles/t/fido/out/outbound/busy.htk/d59f3a47.tic", required by FSC-87
A 16:27:30  Originating address is missing in TIC "/home/mike/huskyproject/utils/Husky-Rmfiles/t/fido/out/outbound/busy.htk/d59f3a47.tic", required by FSC-87
B 16:27:30  PATH lines are missing in TIC "/home/mike/huskyproject/utils/Husky-Rmfiles/t/fido/out/outbound/busy.htk/d59f3a47.tic", required by FSC-87
B 16:27:30  SEENBY lines are missing in TIC "/home/mike/huskyproject/utils/Husky-Rmfiles/t/fido/out/outbound/busy.htk/d59f3a47.tic", required by FSC-87
B 16:27:30  Password is missing in TIC "/home/mike/huskyproject/utils/Husky-Rmfiles/t/fido/out/outbound/busy.htk/d59f3a47.tic", required by FSC-87
A 16:27:30  File name is missing in TIC "/home/mike/huskyproject/utils/Husky-Rmfiles/t/fido/out/outbound/busy.htk/e6a51fd3.tic" but required by FSC-87
A 16:27:30  Filearea name is missing in TIC "/home/mike/huskyproject/utils/Husky-Rmfiles/t/fido/out/outbound/busy.htk/e6a51fd3.tic" but required by FSC-87
B 16:27:30  CRC is missing in TIC "/home/mike/huskyproject/utils/Husky-Rmfiles/t/fido/out/outbound/busy.htk/e6a51fd3.tic" but required by FSC-87
B 16:27:30  There is no file size in TIC /home/mike/huskyproject/utils/Husky-Rmfiles/t/fido/out/outbound/busy.htk/e6a51fd3.tic, FSC-87 says: "SHOULD be required"
A 16:27:30  'From' address is missing in TIC "/home/mike/huskyproject/utils/Husky-Rmfiles/t/fido/out/outbound/busy.htk/e6a51fd3.tic", required by FSC-87
A 16:27:30  Originating address is missing in TIC "/home/mike/huskyproject/utils/Husky-Rmfiles/t/fido/out/outbound/busy.htk/e6a51fd3.tic", required by FSC-87
B 16:27:30  PATH lines are missing in TIC "/home/mike/huskyproject/utils/Husky-Rmfiles/t/fido/out/outbound/busy.htk/e6a51fd3.tic", required by FSC-87
B 16:27:30  SEENBY lines are missing in TIC "/home/mike/huskyproject/utils/Husky-Rmfiles/t/fido/out/outbound/busy.htk/e6a51fd3.tic", required by FSC-87
B 16:27:30  Password is missing in TIC "/home/mike/huskyproject/utils/Husky-Rmfiles/t/fido/out/outbound/busy.htk/e6a51fd3.tic", required by FSC-87
A 16:27:30  File name is missing in TIC "/home/mike/huskyproject/utils/Husky-Rmfiles/t/fido/out/outbound/busy.htk/eca24bd6.tic" but required by FSC-87
A 16:27:30  Filearea name is missing in TIC "/home/mike/huskyproject/utils/Husky-Rmfiles/t/fido/out/outbound/busy.htk/eca24bd6.tic" but required by FSC-87
B 16:27:30  CRC is missing in TIC "/home/mike/huskyproject/utils/Husky-Rmfiles/t/fido/out/outbound/busy.htk/eca24bd6.tic" but required by FSC-87
B 16:27:30  There is no file size in TIC /home/mike/huskyproject/utils/Husky-Rmfiles/t/fido/out/outbound/busy.htk/eca24bd6.tic, FSC-87 says: "SHOULD be required"
A 16:27:30  'From' address is missing in TIC "/home/mike/huskyproject/utils/Husky-Rmfiles/t/fido/out/outbound/busy.htk/eca24bd6.tic", required by FSC-87
A 16:27:30  Originating address is missing in TIC "/home/mike/huskyproject/utils/Husky-Rmfiles/t/fido/out/outbound/busy.htk/eca24bd6.tic", required by FSC-87
B 16:27:30  PATH lines are missing in TIC "/home/mike/huskyproject/utils/Husky-Rmfiles/t/fido/out/outbound/busy.htk/eca24bd6.tic", required by FSC-87
B 16:27:30  SEENBY lines are missing in TIC "/home/mike/huskyproject/utils/Husky-Rmfiles/t/fido/out/outbound/busy.htk/eca24bd6.tic", required by FSC-87
B 16:27:30  Password is missing in TIC "/home/mike/huskyproject/utils/Husky-Rmfiles/t/fido/out/outbound/busy.htk/eca24bd6.tic", required by FSC-87
A 16:27:30  File name is missing in TIC "/home/mike/huskyproject/utils/Husky-Rmfiles/t/fido/out/outbound/busy.htk/205bf1e2.tic" but required by FSC-87
A 16:27:30  Filearea name is missing in TIC "/home/mike/huskyproject/utils/Husky-Rmfiles/t/fido/out/outbound/busy.htk/205bf1e2.tic" but required by FSC-87
B 16:27:30  CRC is missing in TIC "/home/mike/huskyproject/utils/Husky-Rmfiles/t/fido/out/outbound/busy.htk/205bf1e2.tic" but required by FSC-87
B 16:27:30  There is no file size in TIC /home/mike/huskyproject/utils/Husky-Rmfiles/t/fido/out/outbound/busy.htk/205bf1e2.tic, FSC-87 says: "SHOULD be required"
A 16:27:30  'From' address is missing in TIC "/home/mike/huskyproject/utils/Husky-Rmfiles/t/fido/out/outbound/busy.htk/205bf1e2.tic", required by FSC-87
A 16:27:30  Originating address is missing in TIC "/home/mike/huskyproject/utils/Husky-Rmfiles/t/fido/out/outbound/busy.htk/205bf1e2.tic", required by FSC-87
B 16:27:30  PATH lines are missing in TIC "/home/mike/huskyproject/utils/Husky-Rmfiles/t/fido/out/outbound/busy.htk/205bf1e2.tic", required by FSC-87
B 16:27:30  SEENBY lines are missing in TIC "/home/mike/huskyproject/utils/Husky-Rmfiles/t/fido/out/outbound/busy.htk/205bf1e2.tic", required by FSC-87
B 16:27:30  Password is missing in TIC "/home/mike/huskyproject/utils/Husky-Rmfiles/t/fido/out/outbound/busy.htk/205bf1e2.tic", required by FSC-87
A 16:27:30  File name is missing in TIC "/home/mike/huskyproject/utils/Husky-Rmfiles/t/fido/out/outbound/busy.htk/c5b30472.tic" but required by FSC-87
A 16:27:30  Filearea name is missing in TIC "/home/mike/huskyproject/utils/Husky-Rmfiles/t/fido/out/outbound/busy.htk/c5b30472.tic" but required by FSC-87
B 16:27:30  CRC is missing in TIC "/home/mike/huskyproject/utils/Husky-Rmfiles/t/fido/out/outbound/busy.htk/c5b30472.tic" but required by FSC-87
B 16:27:30  There is no file size in TIC /home/mike/huskyproject/utils/Husky-Rmfiles/t/fido/out/outbound/busy.htk/c5b30472.tic, FSC-87 says: "SHOULD be required"
A 16:27:30  'From' address is missing in TIC "/home/mike/huskyproject/utils/Husky-Rmfiles/t/fido/out/outbound/busy.htk/c5b30472.tic", required by FSC-87
A 16:27:30  Originating address is missing in TIC "/home/mike/huskyproject/utils/Husky-Rmfiles/t/fido/out/outbound/busy.htk/c5b30472.tic", required by FSC-87
B 16:27:30  PATH lines are missing in TIC "/home/mike/huskyproject/utils/Husky-Rmfiles/t/fido/out/outbound/busy.htk/c5b30472.tic", required by FSC-87
B 16:27:30  SEENBY lines are missing in TIC "/home/mike/huskyproject/utils/Husky-Rmfiles/t/fido/out/outbound/busy.htk/c5b30472.tic", required by FSC-87
B 16:27:30  Password is missing in TIC "/home/mike/huskyproject/utils/Husky-Rmfiles/t/fido/out/outbound/busy.htk/c5b30472.tic", required by FSC-87
A 16:27:30  File name is missing in TIC "/home/mike/huskyproject/utils/Husky-Rmfiles/t/fido/out/outbound/busy.htk/72419e28.tic" but required by FSC-87
A 16:27:30  Filearea name is missing in TIC "/home/mike/huskyproject/utils/Husky-Rmfiles/t/fido/out/outbound/busy.htk/72419e28.tic" but required by FSC-87
B 16:27:30  CRC is missing in TIC "/home/mike/huskyproject/utils/Husky-Rmfiles/t/fido/out/outbound/busy.htk/72419e28.tic" but required by FSC-87
B 16:27:30  There is no file size in TIC /home/mike/huskyproject/utils/Husky-Rmfiles/t/fido/out/outbound/busy.htk/72419e28.tic, FSC-87 says: "SHOULD be required"
A 16:27:30  'From' address is missing in TIC "/home/mike/huskyproject/utils/Husky-Rmfiles/t/fido/out/outbound/busy.htk/72419e28.tic", required by FSC-87
A 16:27:30  Originating address is missing in TIC "/home/mike/huskyproject/utils/Husky-Rmfiles/t/fido/out/outbound/busy.htk/72419e28.tic", required by FSC-87
B 16:27:30  PATH lines are missing in TIC "/home/mike/huskyproject/utils/Husky-Rmfiles/t/fido/out/outbound/busy.htk/72419e28.tic", required by FSC-87
B 16:27:30  SEENBY lines are missing in TIC "/home/mike/huskyproject/utils/Husky-Rmfiles/t/fido/out/outbound/busy.htk/72419e28.tic", required by FSC-87
B 16:27:30  Password is missing in TIC "/home/mike/huskyproject/utils/Husky-Rmfiles/t/fido/out/outbound/busy.htk/72419e28.tic", required by FSC-87
A 16:27:30  File name is missing in TIC "/home/mike/huskyproject/utils/Husky-Rmfiles/t/fido/out/outbound/busy.htk/3d2bd60d.tic" but required by FSC-87
A 16:27:30  Filearea name is missing in TIC "/home/mike/huskyproject/utils/Husky-Rmfiles/t/fido/out/outbound/busy.htk/3d2bd60d.tic" but required by FSC-87
B 16:27:30  CRC is missing in TIC "/home/mike/huskyproject/utils/Husky-Rmfiles/t/fido/out/outbound/busy.htk/3d2bd60d.tic" but required by FSC-87
B 16:27:30  There is no file size in TIC /home/mike/huskyproject/utils/Husky-Rmfiles/t/fido/out/outbound/busy.htk/3d2bd60d.tic, FSC-87 says: "SHOULD be required"
A 16:27:30  'From' address is missing in TIC "/home/mike/huskyproject/utils/Husky-Rmfiles/t/fido/out/outbound/busy.htk/3d2bd60d.tic", required by FSC-87
A 16:27:30  Originating address is missing in TIC "/home/mike/huskyproject/utils/Husky-Rmfiles/t/fido/out/outbound/busy.htk/3d2bd60d.tic", required by FSC-87
B 16:27:30  PATH lines are missing in TIC "/home/mike/huskyproject/utils/Husky-Rmfiles/t/fido/out/outbound/busy.htk/3d2bd60d.tic", required by FSC-87
B 16:27:30  SEENBY lines are missing in TIC "/home/mike/huskyproject/utils/Husky-Rmfiles/t/fido/out/outbound/busy.htk/3d2bd60d.tic", required by FSC-87
B 16:27:30  Password is missing in TIC "/home/mike/huskyproject/utils/Husky-Rmfiles/t/fido/out/outbound/busy.htk/3d2bd60d.tic", required by FSC-87
A 16:27:30  File name is missing in TIC "/home/mike/huskyproject/utils/Husky-Rmfiles/t/fido/out/outbound/busy.htk/97c81071.tic" but required by FSC-87
A 16:27:30  Filearea name is missing in TIC "/home/mike/huskyproject/utils/Husky-Rmfiles/t/fido/out/outbound/busy.htk/97c81071.tic" but required by FSC-87
B 16:27:30  CRC is missing in TIC "/home/mike/huskyproject/utils/Husky-Rmfiles/t/fido/out/outbound/busy.htk/97c81071.tic" but required by FSC-87
B 16:27:30  There is no file size in TIC /home/mike/huskyproject/utils/Husky-Rmfiles/t/fido/out/outbound/busy.htk/97c81071.tic, FSC-87 says: "SHOULD be required"
A 16:27:30  'From' address is missing in TIC "/home/mike/huskyproject/utils/Husky-Rmfiles/t/fido/out/outbound/busy.htk/97c81071.tic", required by FSC-87
A 16:27:30  Originating address is missing in TIC "/home/mike/huskyproject/utils/Husky-Rmfiles/t/fido/out/outbound/busy.htk/97c81071.tic", required by FSC-87
B 16:27:30  PATH lines are missing in TIC "/home/mike/huskyproject/utils/Husky-Rmfiles/t/fido/out/outbound/busy.htk/97c81071.tic", required by FSC-87
B 16:27:30  SEENBY lines are missing in TIC "/home/mike/huskyproject/utils/Husky-Rmfiles/t/fido/out/outbound/busy.htk/97c81071.tic", required by FSC-87
B 16:27:30  Password is missing in TIC "/home/mike/huskyproject/utils/Husky-Rmfiles/t/fido/out/outbound/busy.htk/97c81071.tic", required by FSC-87
A 16:27:30  File name is missing in TIC "/home/mike/huskyproject/utils/Husky-Rmfiles/t/fido/out/outbound/busy.htk/e61a9210.tic" but required by FSC-87
A 16:27:30  Filearea name is missing in TIC "/home/mike/huskyproject/utils/Husky-Rmfiles/t/fido/out/outbound/busy.htk/e61a9210.tic" but required by FSC-87
B 16:27:30  CRC is missing in TIC "/home/mike/huskyproject/utils/Husky-Rmfiles/t/fido/out/outbound/busy.htk/e61a9210.tic" but required by FSC-87
B 16:27:30  There is no file size in TIC /home/mike/huskyproject/utils/Husky-Rmfiles/t/fido/out/outbound/busy.htk/e61a9210.tic, FSC-87 says: "SHOULD be required"
A 16:27:30  'From' address is missing in TIC "/home/mike/huskyproject/utils/Husky-Rmfiles/t/fido/out/outbound/busy.htk/e61a9210.tic", required by FSC-87
A 16:27:30  Originating address is missing in TIC "/home/mike/huskyproject/utils/Husky-Rmfiles/t/fido/out/outbound/busy.htk/e61a9210.tic", required by FSC-87
B 16:27:30  PATH lines are missing in TIC "/home/mike/huskyproject/utils/Husky-Rmfiles/t/fido/out/outbound/busy.htk/e61a9210.tic", required by FSC-87
B 16:27:30  SEENBY lines are missing in TIC "/home/mike/huskyproject/utils/Husky-Rmfiles/t/fido/out/outbound/busy.htk/e61a9210.tic", required by FSC-87
B 16:27:30  Password is missing in TIC "/home/mike/huskyproject/utils/Husky-Rmfiles/t/fido/out/outbound/busy.htk/e61a9210.tic", required by FSC-87
A 16:27:30  File name is missing in TIC "/home/mike/huskyproject/utils/Husky-Rmfiles/t/fido/out/outbound/busy.htk/1f981b1b.tic" but required by FSC-87
A 16:27:30  Filearea name is missing in TIC "/home/mike/huskyproject/utils/Husky-Rmfiles/t/fido/out/outbound/busy.htk/1f981b1b.tic" but required by FSC-87
B 16:27:30  CRC is missing in TIC "/home/mike/huskyproject/utils/Husky-Rmfiles/t/fido/out/outbound/busy.htk/1f981b1b.tic" but required by FSC-87
B 16:27:30  There is no file size in TIC /home/mike/huskyproject/utils/Husky-Rmfiles/t/fido/out/outbound/busy.htk/1f981b1b.tic, FSC-87 says: "SHOULD be required"
A 16:27:30  'From' address is missing in TIC "/home/mike/huskyproject/utils/Husky-Rmfiles/t/fido/out/outbound/busy.htk/1f981b1b.tic", required by FSC-87
A 16:27:30  Originating address is missing in TIC "/home/mike/huskyproject/utils/Husky-Rmfiles/t/fido/out/outbound/busy.htk/1f981b1b.tic", required by FSC-87
B 16:27:30  PATH lines are missing in TIC "/home/mike/huskyproject/utils/Husky-Rmfiles/t/fido/out/outbound/busy.htk/1f981b1b.tic", required by FSC-87
B 16:27:30  SEENBY lines are missing in TIC "/home/mike/huskyproject/utils/Husky-Rmfiles/t/fido/out/outbound/busy.htk/1f981b1b.tic", required by FSC-87
B 16:27:30  Password is missing in TIC "/home/mike/huskyproject/utils/Husky-Rmfiles/t/fido/out/outbound/busy.htk/1f981b1b.tic", required by FSC-87
A 16:27:30  File name is missing in TIC "/home/mike/huskyproject/utils/Husky-Rmfiles/t/fido/out/outbound/busy.htk/8405ff12.tic" but required by FSC-87
A 16:27:30  Filearea name is missing in TIC "/home/mike/huskyproject/utils/Husky-Rmfiles/t/fido/out/outbound/busy.htk/8405ff12.tic" but required by FSC-87
B 16:27:30  CRC is missing in TIC "/home/mike/huskyproject/utils/Husky-Rmfiles/t/fido/out/outbound/busy.htk/8405ff12.tic" but required by FSC-87
B 16:27:30  There is no file size in TIC /home/mike/huskyproject/utils/Husky-Rmfiles/t/fido/out/outbound/busy.htk/8405ff12.tic, FSC-87 says: "SHOULD be required"
A 16:27:30  'From' address is missing in TIC "/home/mike/huskyproject/utils/Husky-Rmfiles/t/fido/out/outbound/busy.htk/8405ff12.tic", required by FSC-87
A 16:27:30  Originating address is missing in TIC "/home/mike/huskyproject/utils/Husky-Rmfiles/t/fido/out/outbound/busy.htk/8405ff12.tic", required by FSC-87
B 16:27:30  PATH lines are missing in TIC "/home/mike/huskyproject/utils/Husky-Rmfiles/t/fido/out/outbound/busy.htk/8405ff12.tic", required by FSC-87
B 16:27:30  SEENBY lines are missing in TIC "/home/mike/huskyproject/utils/Husky-Rmfiles/t/fido/out/outbound/busy.htk/8405ff12.tic", required by FSC-87
B 16:27:30  Password is missing in TIC "/home/mike/huskyproject/utils/Husky-Rmfiles/t/fido/out/outbound/busy.htk/8405ff12.tic", required by FSC-87
8 16:27:30  FileFix: request from 2:345/678
8 16:27:30  filefix: 2:345/678 unlinked from area 'DAILYLIST'
8 16:27:30  filefix: 2:345/678 unlinked from area 'EPOD'
8 16:27:30  filefix: 2:345/678 unlinked from area 'WEATHER'
8 16:27:30  FileFix: successfully done for 2:345/678
1 16:27:30  End

----------  Thu 05 Nov 20, htick/lnx 1.9.0-cur 2020-11-04
1 16:27:54  Start
7 16:27:54  Checking tmp dir
8 16:27:54  FileFix: request from 1:23/456
8 16:27:54  filefix: 1:23/456 unlinked from area 'DAILYLIST'
8 16:27:54  filefix: 1:23/456 unlinked from area 'EPOD'
8 16:27:54  filefix: 1:23/456 unlinked from area 'WEATHER'
8 16:27:54  FileFix: successfully done for 1:23/456
1 16:27:54  End

----------  Thu 05 Nov 20, htick/lnx 1.9.0-cur 2020-11-04
1 16:27:54  Start
7 16:27:54  Checking tmp dir
A 16:27:54  File name is missing in TIC "/home/mike/huskyproject/utils/Husky-Rmfiles/t/fido/out/outbound/busy.htk/5cd8ac9e.tic" but required by FSC-87
A 16:27:54  Filearea name is missing in TIC "/home/mike/huskyproject/utils/Husky-Rmfiles/t/fido/out/outbound/busy.htk/5cd8ac9e.tic" but required by FSC-87
B 16:27:54  CRC is missing in TIC "/home/mike/huskyproject/utils/Husky-Rmfiles/t/fido/out/outbound/busy.htk/5cd8ac9e.tic" but required by FSC-87
B 16:27:54  There is no file size in TIC /home/mike/huskyproject/utils/Husky-Rmfiles/t/fido/out/outbound/busy.htk/5cd8ac9e.tic, FSC-87 says: "SHOULD be required"
A 16:27:54  'From' address is missing in TIC "/home/mike/huskyproject/utils/Husky-Rmfiles/t/fido/out/outbound/busy.htk/5cd8ac9e.tic", required by FSC-87
A 16:27:54  Originating address is missing in TIC "/home/mike/huskyproject/utils/Husky-Rmfiles/t/fido/out/outbound/busy.htk/5cd8ac9e.tic", required by FSC-87
B 16:27:54  PATH lines are missing in TIC "/home/mike/huskyproject/utils/Husky-Rmfiles/t/fido/out/outbound/busy.htk/5cd8ac9e.tic", required by FSC-87
B 16:27:54  SEENBY lines are missing in TIC "/home/mike/huskyproject/utils/Husky-Rmfiles/t/fido/out/outbound/busy.htk/5cd8ac9e.tic", required by FSC-87
B 16:27:54  Password is missing in TIC "/home/mike/huskyproject/utils/Husky-Rmfiles/t/fido/out/outbound/busy.htk/5cd8ac9e.tic", required by FSC-87
A 16:27:54  File name is missing in TIC "/home/mike/huskyproject/utils/Husky-Rmfiles/t/fido/out/outbound/busy.htk/05f6334d.tic" but required by FSC-87
A 16:27:54  Filearea name is missing in TIC "/home/mike/huskyproject/utils/Husky-Rmfiles/t/fido/out/outbound/busy.htk/05f6334d.tic" but required by FSC-87
B 16:27:54  CRC is missing in TIC "/home/mike/huskyproject/utils/Husky-Rmfiles/t/fido/out/outbound/busy.htk/05f6334d.tic" but required by FSC-87
B 16:27:54  There is no file size in TIC /home/mike/huskyproject/utils/Husky-Rmfiles/t/fido/out/outbound/busy.htk/05f6334d.tic, FSC-87 says: "SHOULD be required"
A 16:27:54  'From' address is missing in TIC "/home/mike/huskyproject/utils/Husky-Rmfiles/t/fido/out/outbound/busy.htk/05f6334d.tic", required by FSC-87
A 16:27:54  Originating address is missing in TIC "/home/mike/huskyproject/utils/Husky-Rmfiles/t/fido/out/outbound/busy.htk/05f6334d.tic", required by FSC-87
B 16:27:54  PATH lines are missing in TIC "/home/mike/huskyproject/utils/Husky-Rmfiles/t/fido/out/outbound/busy.htk/05f6334d.tic", required by FSC-87
B 16:27:54  SEENBY lines are missing in TIC "/home/mike/huskyproject/utils/Husky-Rmfiles/t/fido/out/outbound/busy.htk/05f6334d.tic", required by FSC-87
B 16:27:54  Password is missing in TIC "/home/mike/huskyproject/utils/Husky-Rmfiles/t/fido/out/outbound/busy.htk/05f6334d.tic", required by FSC-87
A 16:27:54  File name is missing in TIC "/home/mike/huskyproject/utils/Husky-Rmfiles/t/fido/out/outbound/busy.htk/30aa4d41.tic" but required by FSC-87
A 16:27:54  Filearea name is missing in TIC "/home/mike/huskyproject/utils/Husky-Rmfiles/t/fido/out/outbound/busy.htk/30aa4d41.tic" but required by FSC-87
B 16:27:54  CRC is missing in TIC "/home/mike/huskyproject/utils/Husky-Rmfiles/t/fido/out/outbound/busy.htk/30aa4d41.tic" but required by FSC-87
B 16:27:54  There is no file size in TIC /home/mike/huskyproject/utils/Husky-Rmfiles/t/fido/out/outbound/busy.htk/30aa4d41.tic, FSC-87 says: "SHOULD be required"
A 16:27:54  'From' address is missing in TIC "/home/mike/huskyproject/utils/Husky-Rmfiles/t/fido/out/outbound/busy.htk/30aa4d41.tic", required by FSC-87
A 16:27:54  Originating address is missing in TIC "/home/mike/huskyproject/utils/Husky-Rmfiles/t/fido/out/outbound/busy.htk/30aa4d41.tic", required by FSC-87
B 16:27:54  PATH lines are missing in TIC "/home/mike/huskyproject/utils/Husky-Rmfiles/t/fido/out/outbound/busy.htk/30aa4d41.tic", required by FSC-87
B 16:27:54  SEENBY lines are missing in TIC "/home/mike/huskyproject/utils/Husky-Rmfiles/t/fido/out/outbound/busy.htk/30aa4d41.tic", required by FSC-87
B 16:27:54  Password is missing in TIC "/home/mike/huskyproject/utils/Husky-Rmfiles/t/fido/out/outbound/busy.htk/30aa4d41.tic", required by FSC-87
A 16:27:54  File name is missing in TIC "/home/mike/huskyproject/utils/Husky-Rmfiles/t/fido/out/outbound/busy.htk/f6415d91.tic" but required by FSC-87
A 16:27:54  Filearea name is missing in TIC "/home/mike/huskyproject/utils/Husky-Rmfiles/t/fido/out/outbound/busy.htk/f6415d91.tic" but required by FSC-87
B 16:27:54  CRC is missing in TIC "/home/mike/huskyproject/utils/Husky-Rmfiles/t/fido/out/outbound/busy.htk/f6415d91.tic" but required by FSC-87
B 16:27:54  There is no file size in TIC /home/mike/huskyproject/utils/Husky-Rmfiles/t/fido/out/outbound/busy.htk/f6415d91.tic, FSC-87 says: "SHOULD be required"
A 16:27:54  'From' address is missing in TIC "/home/mike/huskyproject/utils/Husky-Rmfiles/t/fido/out/outbound/busy.htk/f6415d91.tic", required by FSC-87
A 16:27:54  Originating address is missing in TIC "/home/mike/huskyproject/utils/Husky-Rmfiles/t/fido/out/outbound/busy.htk/f6415d91.tic", required by FSC-87
B 16:27:54  PATH lines are missing in TIC "/home/mike/huskyproject/utils/Husky-Rmfiles/t/fido/out/outbound/busy.htk/f6415d91.tic", required by FSC-87
B 16:27:54  SEENBY lines are missing in TIC "/home/mike/huskyproject/utils/Husky-Rmfiles/t/fido/out/outbound/busy.htk/f6415d91.tic", required by FSC-87
B 16:27:54  Password is missing in TIC "/home/mike/huskyproject/utils/Husky-Rmfiles/t/fido/out/outbound/busy.htk/f6415d91.tic", required by FSC-87
A 16:27:54  File name is missing in TIC "/home/mike/huskyproject/utils/Husky-Rmfiles/t/fido/out/outbound/busy.htk/f35230f2.tic" but required by FSC-87
A 16:27:54  Filearea name is missing in TIC "/home/mike/huskyproject/utils/Husky-Rmfiles/t/fido/out/outbound/busy.htk/f35230f2.tic" but required by FSC-87
B 16:27:54  CRC is missing in TIC "/home/mike/huskyproject/utils/Husky-Rmfiles/t/fido/out/outbound/busy.htk/f35230f2.tic" but required by FSC-87
B 16:27:54  There is no file size in TIC /home/mike/huskyproject/utils/Husky-Rmfiles/t/fido/out/outbound/busy.htk/f35230f2.tic, FSC-87 says: "SHOULD be required"
A 16:27:54  'From' address is missing in TIC "/home/mike/huskyproject/utils/Husky-Rmfiles/t/fido/out/outbound/busy.htk/f35230f2.tic", required by FSC-87
A 16:27:54  Originating address is missing in TIC "/home/mike/huskyproject/utils/Husky-Rmfiles/t/fido/out/outbound/busy.htk/f35230f2.tic", required by FSC-87
B 16:27:54  PATH lines are missing in TIC "/home/mike/huskyproject/utils/Husky-Rmfiles/t/fido/out/outbound/busy.htk/f35230f2.tic", required by FSC-87
B 16:27:54  SEENBY lines are missing in TIC "/home/mike/huskyproject/utils/Husky-Rmfiles/t/fido/out/outbound/busy.htk/f35230f2.tic", required by FSC-87
B 16:27:54  Password is missing in TIC "/home/mike/huskyproject/utils/Husky-Rmfiles/t/fido/out/outbound/busy.htk/f35230f2.tic", required by FSC-87
A 16:27:54  File name is missing in TIC "/home/mike/huskyproject/utils/Husky-Rmfiles/t/fido/out/outbound/busy.htk/2af26435.tic" but required by FSC-87
A 16:27:54  Filearea name is missing in TIC "/home/mike/huskyproject/utils/Husky-Rmfiles/t/fido/out/outbound/busy.htk/2af26435.tic" but required by FSC-87
B 16:27:54  CRC is missing in TIC "/home/mike/huskyproject/utils/Husky-Rmfiles/t/fido/out/outbound/busy.htk/2af26435.tic" but required by FSC-87
B 16:27:54  There is no file size in TIC /home/mike/huskyproject/utils/Husky-Rmfiles/t/fido/out/outbound/busy.htk/2af26435.tic, FSC-87 says: "SHOULD be required"
A 16:27:54  'From' address is missing in TIC "/home/mike/huskyproject/utils/Husky-Rmfiles/t/fido/out/outbound/busy.htk/2af26435.tic", required by FSC-87
A 16:27:54  Originating address is missing in TIC "/home/mike/huskyproject/utils/Husky-Rmfiles/t/fido/out/outbound/busy.htk/2af26435.tic", required by FSC-87
B 16:27:54  PATH lines are missing in TIC "/home/mike/huskyproject/utils/Husky-Rmfiles/t/fido/out/outbound/busy.htk/2af26435.tic", required by FSC-87
B 16:27:54  SEENBY lines are missing in TIC "/home/mike/huskyproject/utils/Husky-Rmfiles/t/fido/out/outbound/busy.htk/2af26435.tic", required by FSC-87
B 16:27:54  Password is missing in TIC "/home/mike/huskyproject/utils/Husky-Rmfiles/t/fido/out/outbound/busy.htk/2af26435.tic", required by FSC-87
A 16:27:54  File name is missing in TIC "/home/mike/huskyproject/utils/Husky-Rmfiles/t/fido/out/outbound/busy.htk/8c3fe850.tic" but required by FSC-87
A 16:27:54  Filearea name is missing in TIC "/home/mike/huskyproject/utils/Husky-Rmfiles/t/fido/out/outbound/busy.htk/8c3fe850.tic" but required by FSC-87
B 16:27:54  CRC is missing in TIC "/home/mike/huskyproject/utils/Husky-Rmfiles/t/fido/out/outbound/busy.htk/8c3fe850.tic" but required by FSC-87
B 16:27:54  There is no file size in TIC /home/mike/huskyproject/utils/Husky-Rmfiles/t/fido/out/outbound/busy.htk/8c3fe850.tic, FSC-87 says: "SHOULD be required"
A 16:27:54  'From' address is missing in TIC "/home/mike/huskyproject/utils/Husky-Rmfiles/t/fido/out/outbound/busy.htk/8c3fe850.tic", required by FSC-87
A 16:27:54  Originating address is missing in TIC "/home/mike/huskyproject/utils/Husky-Rmfiles/t/fido/out/outbound/busy.htk/8c3fe850.tic", required by FSC-87
B 16:27:54  PATH lines are missing in TIC "/home/mike/huskyproject/utils/Husky-Rmfiles/t/fido/out/outbound/busy.htk/8c3fe850.tic", required by FSC-87
B 16:27:54  SEENBY lines are missing in TIC "/home/mike/huskyproject/utils/Husky-Rmfiles/t/fido/out/outbound/busy.htk/8c3fe850.tic", required by FSC-87
B 16:27:54  Password is missing in TIC "/home/mike/huskyproject/utils/Husky-Rmfiles/t/fido/out/outbound/busy.htk/8c3fe850.tic", required by FSC-87
A 16:27:54  File name is missing in TIC "/home/mike/huskyproject/utils/Husky-Rmfiles/t/fido/out/outbound/busy.htk/4ec3e060.tic" but required by FSC-87
A 16:27:54  Filearea name is missing in TIC "/home/mike/huskyproject/utils/Husky-Rmfiles/t/fido/out/outbound/busy.htk/4ec3e060.tic" but required by FSC-87
B 16:27:54  CRC is missing in TIC "/home/mike/huskyproject/utils/Husky-Rmfiles/t/fido/out/outbound/busy.htk/4ec3e060.tic" but required by FSC-87
B 16:27:54  There is no file size in TIC /home/mike/huskyproject/utils/Husky-Rmfiles/t/fido/out/outbound/busy.htk/4ec3e060.tic, FSC-87 says: "SHOULD be required"
A 16:27:54  'From' address is missing in TIC "/home/mike/huskyproject/utils/Husky-Rmfiles/t/fido/out/outbound/busy.htk/4ec3e060.tic", required by FSC-87
A 16:27:54  Originating address is missing in TIC "/home/mike/huskyproject/utils/Husky-Rmfiles/t/fido/out/outbound/busy.htk/4ec3e060.tic", required by FSC-87
B 16:27:54  PATH lines are missing in TIC "/home/mike/huskyproject/utils/Husky-Rmfiles/t/fido/out/outbound/busy.htk/4ec3e060.tic", required by FSC-87
B 16:27:54  SEENBY lines are missing in TIC "/home/mike/huskyproject/utils/Husky-Rmfiles/t/fido/out/outbound/busy.htk/4ec3e060.tic", required by FSC-87
B 16:27:54  Password is missing in TIC "/home/mike/huskyproject/utils/Husky-Rmfiles/t/fido/out/outbound/busy.htk/4ec3e060.tic", required by FSC-87
A 16:27:54  File name is missing in TIC "/home/mike/huskyproject/utils/Husky-Rmfiles/t/fido/out/outbound/busy.htk/2f069496.tic" but required by FSC-87
A 16:27:54  Filearea name is missing in TIC "/home/mike/huskyproject/utils/Husky-Rmfiles/t/fido/out/outbound/busy.htk/2f069496.tic" but required by FSC-87
B 16:27:54  CRC is missing in TIC "/home/mike/huskyproject/utils/Husky-Rmfiles/t/fido/out/outbound/busy.htk/2f069496.tic" but required by FSC-87
B 16:27:54  There is no file size in TIC /home/mike/huskyproject/utils/Husky-Rmfiles/t/fido/out/outbound/busy.htk/2f069496.tic, FSC-87 says: "SHOULD be required"
A 16:27:54  'From' address is missing in TIC "/home/mike/huskyproject/utils/Husky-Rmfiles/t/fido/out/outbound/busy.htk/2f069496.tic", required by FSC-87
A 16:27:54  Originating address is missing in TIC "/home/mike/huskyproject/utils/Husky-Rmfiles/t/fido/out/outbound/busy.htk/2f069496.tic", required by FSC-87
B 16:27:54  PATH lines are missing in TIC "/home/mike/huskyproject/utils/Husky-Rmfiles/t/fido/out/outbound/busy.htk/2f069496.tic", required by FSC-87
B 16:27:54  SEENBY lines are missing in TIC "/home/mike/huskyproject/utils/Husky-Rmfiles/t/fido/out/outbound/busy.htk/2f069496.tic", required by FSC-87
B 16:27:54  Password is missing in TIC "/home/mike/huskyproject/utils/Husky-Rmfiles/t/fido/out/outbound/busy.htk/2f069496.tic", required by FSC-87
A 16:27:54  File name is missing in TIC "/home/mike/huskyproject/utils/Husky-Rmfiles/t/fido/out/outbound/busy.htk/fd0be9b3.tic" but required by FSC-87
A 16:27:54  Filearea name is missing in TIC "/home/mike/huskyproject/utils/Husky-Rmfiles/t/fido/out/outbound/busy.htk/fd0be9b3.tic" but required by FSC-87
B 16:27:54  CRC is missing in TIC "/home/mike/huskyproject/utils/Husky-Rmfiles/t/fido/out/outbound/busy.htk/fd0be9b3.tic" but required by FSC-87
B 16:27:54  There is no file size in TIC /home/mike/huskyproject/utils/Husky-Rmfiles/t/fido/out/outbound/busy.htk/fd0be9b3.tic, FSC-87 says: "SHOULD be required"
A 16:27:54  'From' address is missing in TIC "/home/mike/huskyproject/utils/Husky-Rmfiles/t/fido/out/outbound/busy.htk/fd0be9b3.tic", required by FSC-87
A 16:27:54  Originating address is missing in TIC "/home/mike/huskyproject/utils/Husky-Rmfiles/t/fido/out/outbound/busy.htk/fd0be9b3.tic", required by FSC-87
B 16:27:54  PATH lines are missing in TIC "/home/mike/huskyproject/utils/Husky-Rmfiles/t/fido/out/outbound/busy.htk/fd0be9b3.tic", required by FSC-87
B 16:27:54  SEENBY lines are missing in TIC "/home/mike/huskyproject/utils/Husky-Rmfiles/t/fido/out/outbound/busy.htk/fd0be9b3.tic", required by FSC-87
B 16:27:54  Password is missing in TIC "/home/mike/huskyproject/utils/Husky-Rmfiles/t/fido/out/outbound/busy.htk/fd0be9b3.tic", required by FSC-87
A 16:27:54  File name is missing in TIC "/home/mike/huskyproject/utils/Husky-Rmfiles/t/fido/out/outbound/busy.htk/6f66d258.tic" but required by FSC-87
A 16:27:54  Filearea name is missing in TIC "/home/mike/huskyproject/utils/Husky-Rmfiles/t/fido/out/outbound/busy.htk/6f66d258.tic" but required by FSC-87
B 16:27:54  CRC is missing in TIC "/home/mike/huskyproject/utils/Husky-Rmfiles/t/fido/out/outbound/busy.htk/6f66d258.tic" but required by FSC-87
B 16:27:54  There is no file size in TIC /home/mike/huskyproject/utils/Husky-Rmfiles/t/fido/out/outbound/busy.htk/6f66d258.tic, FSC-87 says: "SHOULD be required"
A 16:27:54  'From' address is missing in TIC "/home/mike/huskyproject/utils/Husky-Rmfiles/t/fido/out/outbound/busy.htk/6f66d258.tic", required by FSC-87
A 16:27:54  Originating address is missing in TIC "/home/mike/huskyproject/utils/Husky-Rmfiles/t/fido/out/outbound/busy.htk/6f66d258.tic", required by FSC-87
B 16:27:54  PATH lines are missing in TIC "/home/mike/huskyproject/utils/Husky-Rmfiles/t/fido/out/outbound/busy.htk/6f66d258.tic", required by FSC-87
B 16:27:54  SEENBY lines are missing in TIC "/home/mike/huskyproject/utils/Husky-Rmfiles/t/fido/out/outbound/busy.htk/6f66d258.tic", required by FSC-87
B 16:27:54  Password is missing in TIC "/home/mike/huskyproject/utils/Husky-Rmfiles/t/fido/out/outbound/busy.htk/6f66d258.tic", required by FSC-87
A 16:27:54  File name is missing in TIC "/home/mike/huskyproject/utils/Husky-Rmfiles/t/fido/out/outbound/busy.htk/b5679133.tic" but required by FSC-87
A 16:27:54  Filearea name is missing in TIC "/home/mike/huskyproject/utils/Husky-Rmfiles/t/fido/out/outbound/busy.htk/b5679133.tic" but required by FSC-87
B 16:27:54  CRC is missing in TIC "/home/mike/huskyproject/utils/Husky-Rmfiles/t/fido/out/outbound/busy.htk/b5679133.tic" but required by FSC-87
B 16:27:54  There is no file size in TIC /home/mike/huskyproject/utils/Husky-Rmfiles/t/fido/out/outbound/busy.htk/b5679133.tic, FSC-87 says: "SHOULD be required"
A 16:27:54  'From' address is missing in TIC "/home/mike/huskyproject/utils/Husky-Rmfiles/t/fido/out/outbound/busy.htk/b5679133.tic", required by FSC-87
A 16:27:54  Originating address is missing in TIC "/home/mike/huskyproject/utils/Husky-Rmfiles/t/fido/out/outbound/busy.htk/b5679133.tic", required by FSC-87
B 16:27:54  PATH lines are missing in TIC "/home/mike/huskyproject/utils/Husky-Rmfiles/t/fido/out/outbound/busy.htk/b5679133.tic", required by FSC-87
B 16:27:54  SEENBY lines are missing in TIC "/home/mike/huskyproject/utils/Husky-Rmfiles/t/fido/out/outbound/busy.htk/b5679133.tic", required by FSC-87
B 16:27:54  Password is missing in TIC "/home/mike/huskyproject/utils/Husky-Rmfiles/t/fido/out/outbound/busy.htk/b5679133.tic", required by FSC-87
A 16:27:54  File name is missing in TIC "/home/mike/huskyproject/utils/Husky-Rmfiles/t/fido/out/outbound/busy.htk/9b6562ec.tic" but required by FSC-87
A 16:27:54  Filearea name is missing in TIC "/home/mike/huskyproject/utils/Husky-Rmfiles/t/fido/out/outbound/busy.htk/9b6562ec.tic" but required by FSC-87
B 16:27:54  CRC is missing in TIC "/home/mike/huskyproject/utils/Husky-Rmfiles/t/fido/out/outbound/busy.htk/9b6562ec.tic" but required by FSC-87
B 16:27:54  There is no file size in TIC /home/mike/huskyproject/utils/Husky-Rmfiles/t/fido/out/outbound/busy.htk/9b6562ec.tic, FSC-87 says: "SHOULD be required"
A 16:27:54  'From' address is missing in TIC "/home/mike/huskyproject/utils/Husky-Rmfiles/t/fido/out/outbound/busy.htk/9b6562ec.tic", required by FSC-87
A 16:27:54  Originating address is missing in TIC "/home/mike/huskyproject/utils/Husky-Rmfiles/t/fido/out/outbound/busy.htk/9b6562ec.tic", required by FSC-87
B 16:27:54  PATH lines are missing in TIC "/home/mike/huskyproject/utils/Husky-Rmfiles/t/fido/out/outbound/busy.htk/9b6562ec.tic", required by FSC-87
B 16:27:54  SEENBY lines are missing in TIC "/home/mike/huskyproject/utils/Husky-Rmfiles/t/fido/out/outbound/busy.htk/9b6562ec.tic", required by FSC-87
B 16:27:54  Password is missing in TIC "/home/mike/huskyproject/utils/Husky-Rmfiles/t/fido/out/outbound/busy.htk/9b6562ec.tic", required by FSC-87
8 16:27:54  FileFix: request from 2:345/678
8 16:27:54  filefix: 2:345/678 unlinked from area 'DAILYLIST'
8 16:27:54  filefix: 2:345/678 unlinked from area 'EPOD'
8 16:27:54  filefix: 2:345/678 unlinked from area 'WEATHER'
8 16:27:54  FileFix: successfully done for 2:345/678
1 16:27:54  End

